<?xml version="1.0" encoding="UTF-8"?>
<testng-results ignored="0" total="4" passed="4" failed="0" skipped="0">
  <reporter-output>
  </reporter-output>
  <suite started-at="2025-07-24T23:29:21 CEST" name="Default suite" finished-at="2025-07-24T23:29:31 CEST" duration-ms="9563">
    <groups>
    </groups>
    <test started-at="2025-07-24T23:29:21 CEST" name="Default test" finished-at="2025-07-24T23:29:31 CEST" duration-ms="9563">
      <class name="testnglogin.logindashboard">
        <test-method is-config="true" signature="setUp()[pri:0, instance:testnglogin.logindashboard@682b2fa]" started-at="2025-07-24T23:29:21 CEST" name="setUp" finished-at="2025-07-24T23:29:24 CEST" duration-ms="3420" status="PASS">
          <reporter-output>
          </reporter-output>
        </test-method> <!-- setUp -->
        <test-method signature="openWebsite()[pri:1, instance:testnglogin.logindashboard@682b2fa]" started-at="2025-07-24T23:29:25 CEST" name="openWebsite" finished-at="2025-07-24T23:29:26 CEST" duration-ms="1651" status="PASS">
          <reporter-output>
          </reporter-output>
        </test-method> <!-- openWebsite -->
        <test-method signature="positiveLoginTest()[pri:2, instance:testnglogin.logindashboard@682b2fa]" started-at="2025-07-24T23:29:26 CEST" name="positiveLoginTest" finished-at="2025-07-24T23:29:28 CEST" duration-ms="1737" status="PASS">
          <reporter-output>
          </reporter-output>
        </test-method> <!-- positiveLoginTest -->
        <test-method signature="negativeUsernameTest()[pri:3, instance:testnglogin.logindashboard@682b2fa]" started-at="2025-07-24T23:29:28 CEST" name="negativeUsernameTest" finished-at="2025-07-24T23:29:29 CEST" duration-ms="814" status="PASS">
          <reporter-output>
          </reporter-output>
        </test-method> <!-- negativeUsernameTest -->
        <test-method signature="negativePasswordTest()[pri:4, instance:testnglogin.logindashboard@682b2fa]" started-at="2025-07-24T23:29:29 CEST" name="negativePasswordTest" finished-at="2025-07-24T23:29:29 CEST" duration-ms="708" status="PASS">
          <reporter-output>
          </reporter-output>
        </test-method> <!-- negativePasswordTest -->
        <test-method is-config="true" signature="tearDown()[pri:0, instance:testnglogin.logindashboard@682b2fa]" started-at="2025-07-24T23:29:29 CEST" name="tearDown" finished-at="2025-07-24T23:29:31 CEST" duration-ms="1132" status="PASS">
          <reporter-output>
          </reporter-output>
        </test-method> <!-- tearDown -->
      </class> <!-- testnglogin.logindashboard -->
    </test> <!-- Default test -->
  </suite> <!-- Default suite -->
</testng-results>
